Using pre-set license
Built from '2020.2/release' branch; Version is '2020.2.1f1 (270dd8c3da1c) revision 2559448'; Using compiler version '192528614'; Build Type 'Release'
OS: 'Windows 10  (10.0.0) 64bit' Language: 'en' Physical Memory: 8039 MB
BatchMode: 1, IsHumanControllingUs: 0, StartBugReporterOnCrash: 0, Is64bit: 1, IsPro: 0

 COMMAND LINE ARGUMENTS:
C:\Program Files\Unity\Hub\Editor\2020.2.1f1\Editor\Unity.exe
-adb2
-batchMode
-noUpm
-name
AssetImportWorker0
-projectPath
C:/Users/bobby/Documents/GitHub/frogger
-logFile
Logs/AssetImportWorker0.log
-srvPort
53269
Successfully changed project path to: C:/Users/bobby/Documents/GitHub/frogger
C:/Users/bobby/Documents/GitHub/frogger
Using Asset Import Pipeline V2.
Refreshing native plugins compatible for Editor in 27.12 ms, found 0 plugins.
Preloading 0 native plugins for Editor in 0.00 ms.
Initialize engine version: 2020.2.1f1 (270dd8c3da1c)
[Subsystems] Discovering subsystems at path C:/Program Files/Unity/Hub/Editor/2020.2.1f1/Editor/Data/Resources/UnitySubsystems
[Subsystems] Discovering subsystems at path C:/Users/bobby/Documents/GitHub/frogger/Assets
GfxDevice: creating device client; threaded=0
Direct3D:
    Version:  Direct3D 11.0 [level 11.1]
    Renderer: Intel(R) UHD Graphics 620 (ID=0x3ea0)
    Vendor:   
    VRAM:     4019 MB
    Driver:   27.20.100.9126
Initialize mono
Mono path[0] = 'C:/Program Files/Unity/Hub/Editor/2020.2.1f1/Editor/Data/Managed'
Mono path[1] = 'C:/Program Files/Unity/Hub/Editor/2020.2.1f1/Editor/Data/MonoBleedingEdge/lib/mono/unityjit'
Mono config path = 'C:/Program Files/Unity/Hub/Editor/2020.2.1f1/Editor/Data/MonoBleedingEdge/etc'
Using monoOptions --debugger-agent=transport=dt_socket,embedding=1,server=y,suspend=n,address=127.0.0.1:56144
Begin MonoManager ReloadAssembly
Registering precompiled unity dll's ...
Register platform support module: C:/Program Files/Unity/Hub/Editor/2020.2.1f1/Editor/Data/PlaybackEngines/WindowsStandaloneSupport/UnityEditor.WindowsStandalone.Extensions.dll
Registered in 0.002006 seconds.
Native extension for WindowsStandalone target not found
Refreshing native plugins compatible for Editor in 28.59 ms, found 0 plugins.
Preloading 0 native plugins for Editor in 0.00 ms.
Invoked RoslynAnalysisRunner static constructor.
RoslynAnalysisRunner will not be running.
RoslynAnalysisRunner has terminated.
Mono: successfully reloaded assembly
- Completed reload, in  1.071 seconds
Platform modules already initialized, skipping
Registering precompiled user dll's ...
Registered in 0.002432 seconds.
Begin MonoManager ReloadAssembly
Native extension for WindowsStandalone target not found
Refreshing native plugins compatible for Editor in 0.37 ms, found 0 plugins.
Preloading 0 native plugins for Editor in 0.00 ms.
Invoked RoslynAnalysisRunner static constructor.
RoslynAnalysisRunner will not be running.
RoslynAnalysisRunner has terminated.
Mono: successfully reloaded assembly
- Completed reload, in  0.870 seconds
Platform modules already initialized, skipping
========================================================================
Worker process is ready to serve import requests
Launched and connected shader compiler UnityShaderCompiler.exe after 0.04 seconds
Refreshing native plugins compatible for Editor in 0.23 ms, found 0 plugins.
Preloading 0 native plugins for Editor in 0.00 ms.
Unloading 1149 Unused Serialized files (Serialized files now loaded: 0)
System memory in use before: 72.6 MB.
System memory in use after: 72.7 MB.

Unloading 12 unused Assets to reduce memory usage. Loaded Objects now: 1612.
Total: 1.844200 ms (FindLiveObjects: 0.147400 ms CreateObjectMapping: 0.041600 ms MarkObjects: 1.579600 ms  DeleteObjects: 0.074000 ms)

========================================================================
Received Import Request.
  path: Assets/Resources/Scripts/VolumeController.cs
  artifactKey: Guid(bae3fad172ac8b142b866db2d5015c0f) Importer(815301076,1909f56bfc062723c751e8b465ee728b)
Start importing Assets/Resources/Scripts/VolumeController.cs using Guid(bae3fad172ac8b142b866db2d5015c0f) Importer(815301076,1909f56bfc062723c751e8b465ee728b)  -> (artifact id: 'c8b69762cea6f456e687570431470586') in 0.036979 seconds
  Import took 0.040923 seconds .

========================================================================
Received Prepare
Registering precompiled user dll's ...
Registered in 0.002297 seconds.
Begin MonoManager ReloadAssembly
Native extension for WindowsStandalone target not found
Refreshing native plugins compatible for Editor in 0.25 ms, found 0 plugins.
Preloading 0 native plugins for Editor in 0.00 ms.
Invoked RoslynAnalysisRunner static constructor.
RoslynAnalysisRunner will not be running.
RoslynAnalysisRunner has terminated.
Mono: successfully reloaded assembly
- Completed reload, in  0.869 seconds
Platform modules already initialized, skipping
Refreshing native plugins compatible for Editor in 0.24 ms, found 0 plugins.
Preloading 0 native plugins for Editor in 0.00 ms.
Unloading 1130 Unused Serialized files (Serialized files now loaded: 0)
System memory in use before: 71.7 MB.
System memory in use after: 71.8 MB.

Unloading 7 unused Assets to reduce memory usage. Loaded Objects now: 1614.
Total: 2.641700 ms (FindLiveObjects: 0.217500 ms CreateObjectMapping: 0.083900 ms MarkObjects: 2.315400 ms  DeleteObjects: 0.022900 ms)

========================================================================
Received Import Request.
  Time since last request: 628.831895 seconds.
  path: Assets/Resources/Prefabs/Fade To White.prefab
  artifactKey: Guid(10a5ae2d35c96d548a2a6c184ae5a5cc) Importer(815301076,1909f56bfc062723c751e8b465ee728b)
Start importing Assets/Resources/Prefabs/Fade To White.prefab using Guid(10a5ae2d35c96d548a2a6c184ae5a5cc) Importer(815301076,1909f56bfc062723c751e8b465ee728b)  -> (artifact id: '12d8c1e9bfa31a71f1d98cf74983e924') in 0.056676 seconds
  Import took 0.063934 seconds .

========================================================================
Received Import Request.
  Time since last request: 5.949239 seconds.
  path: Assets/Resources/Prefabs/Players/Player Screen 1.prefab
  artifactKey: Guid(862ce96281296084e82f5cd3e5191478) Importer(815301076,1909f56bfc062723c751e8b465ee728b)
Start importing Assets/Resources/Prefabs/Players/Player Screen 1.prefab using Guid(862ce96281296084e82f5cd3e5191478) Importer(815301076,1909f56bfc062723c751e8b465ee728b)  -> (artifact id: 'ac7fd39b60dfa6b543f31b5e5c898234') in 0.141055 seconds
  Import took 0.144526 seconds .

========================================================================
Received Prepare
Registering precompiled user dll's ...
Registered in 0.002180 seconds.
Begin MonoManager ReloadAssembly
Native extension for WindowsStandalone target not found
Refreshing native plugins compatible for Editor in 0.34 ms, found 0 plugins.
Preloading 0 native plugins for Editor in 0.00 ms.
Invoked RoslynAnalysisRunner static constructor.
RoslynAnalysisRunner will not be running.
RoslynAnalysisRunner has terminated.
Mono: successfully reloaded assembly
- Completed reload, in  0.875 seconds
Platform modules already initialized, skipping
Refreshing native plugins compatible for Editor in 0.29 ms, found 0 plugins.
Preloading 0 native plugins for Editor in 0.00 ms.
Unloading 1130 Unused Serialized files (Serialized files now loaded: 0)
System memory in use before: 75.9 MB.
System memory in use after: 76.0 MB.

Unloading 7 unused Assets to reduce memory usage. Loaded Objects now: 1623.
Total: 1.953600 ms (FindLiveObjects: 0.166800 ms CreateObjectMapping: 0.035700 ms MarkObjects: 1.732800 ms  DeleteObjects: 0.017000 ms)

========================================================================
Received Import Request.
  Time since last request: 281.997169 seconds.
  path: ProjectSettings/TagManager.asset
  artifactKey: Guid(00000000000000003000000000000000) Importer(815301076,1909f56bfc062723c751e8b465ee728b)
Start importing ProjectSettings/TagManager.asset using Guid(00000000000000003000000000000000) Importer(815301076,1909f56bfc062723c751e8b465ee728b)  -> (artifact id: '32389c56b1e6df62d8af2afd1dfb8774') in 0.018264 seconds
  Import took 0.021590 seconds .

========================================================================
Received Prepare
Registering precompiled user dll's ...
Registered in 0.002098 seconds.
Begin MonoManager ReloadAssembly
Native extension for WindowsStandalone target not found
Refreshing native plugins compatible for Editor in 0.28 ms, found 0 plugins.
Preloading 0 native plugins for Editor in 0.00 ms.
Invoked RoslynAnalysisRunner static constructor.
RoslynAnalysisRunner will not be running.
RoslynAnalysisRunner has terminated.
Mono: successfully reloaded assembly
- Completed reload, in  0.796 seconds
Platform modules already initialized, skipping
Refreshing native plugins compatible for Editor in 0.27 ms, found 0 plugins.
Preloading 0 native plugins for Editor in 0.00 ms.
Unloading 1130 Unused Serialized files (Serialized files now loaded: 0)
System memory in use before: 75.8 MB.
System memory in use after: 75.9 MB.

Unloading 8 unused Assets to reduce memory usage. Loaded Objects now: 1625.
Total: 1.628100 ms (FindLiveObjects: 0.119200 ms CreateObjectMapping: 0.030400 ms MarkObjects: 1.462500 ms  DeleteObjects: 0.014700 ms)

========================================================================
Received Prepare
Registering precompiled user dll's ...
Registered in 0.002243 seconds.
Begin MonoManager ReloadAssembly
Native extension for WindowsStandalone target not found
Refreshing native plugins compatible for Editor in 0.47 ms, found 0 plugins.
Preloading 0 native plugins for Editor in 0.00 ms.
Invoked RoslynAnalysisRunner static constructor.
RoslynAnalysisRunner will not be running.
RoslynAnalysisRunner has terminated.
Mono: successfully reloaded assembly
- Completed reload, in  0.832 seconds
Platform modules already initialized, skipping
Refreshing native plugins compatible for Editor in 0.58 ms, found 0 plugins.
Preloading 0 native plugins for Editor in 0.00 ms.
Unloading 1130 Unused Serialized files (Serialized files now loaded: 0)
System memory in use before: 75.9 MB.
System memory in use after: 76.0 MB.

Unloading 7 unused Assets to reduce memory usage. Loaded Objects now: 1627.
Total: 2.168200 ms (FindLiveObjects: 0.513700 ms CreateObjectMapping: 0.096000 ms MarkObjects: 1.537700 ms  DeleteObjects: 0.019700 ms)

========================================================================
Received Prepare
Registering precompiled user dll's ...
Registered in 0.002066 seconds.
Begin MonoManager ReloadAssembly
Native extension for WindowsStandalone target not found
Refreshing native plugins compatible for Editor in 0.24 ms, found 0 plugins.
Preloading 0 native plugins for Editor in 0.00 ms.
Invoked RoslynAnalysisRunner static constructor.
RoslynAnalysisRunner will not be running.
RoslynAnalysisRunner has terminated.
Mono: successfully reloaded assembly
- Completed reload, in  0.823 seconds
Platform modules already initialized, skipping
Refreshing native plugins compatible for Editor in 0.29 ms, found 0 plugins.
Preloading 0 native plugins for Editor in 0.00 ms.
Unloading 1130 Unused Serialized files (Serialized files now loaded: 0)
System memory in use before: 75.9 MB.
System memory in use after: 76.0 MB.

Unloading 7 unused Assets to reduce memory usage. Loaded Objects now: 1629.
Total: 2.242600 ms (FindLiveObjects: 0.182700 ms CreateObjectMapping: 0.062800 ms MarkObjects: 1.978700 ms  DeleteObjects: 0.016700 ms)

========================================================================
Received Prepare
Registering precompiled user dll's ...
Registered in 0.002045 seconds.
Begin MonoManager ReloadAssembly
Native extension for WindowsStandalone target not found
Refreshing native plugins compatible for Editor in 0.27 ms, found 0 plugins.
Preloading 0 native plugins for Editor in 0.00 ms.
Invoked RoslynAnalysisRunner static constructor.
RoslynAnalysisRunner will not be running.
RoslynAnalysisRunner has terminated.
Mono: successfully reloaded assembly
- Completed reload, in  0.820 seconds
Platform modules already initialized, skipping
Refreshing native plugins compatible for Editor in 0.29 ms, found 0 plugins.
Preloading 0 native plugins for Editor in 0.00 ms.
Unloading 1130 Unused Serialized files (Serialized files now loaded: 0)
System memory in use before: 75.9 MB.
System memory in use after: 76.0 MB.

Unloading 7 unused Assets to reduce memory usage. Loaded Objects now: 1631.
Total: 2.029700 ms (FindLiveObjects: 0.126900 ms CreateObjectMapping: 0.032100 ms MarkObjects: 1.850100 ms  DeleteObjects: 0.019200 ms)

========================================================================
Received Prepare
Registering precompiled user dll's ...
Registered in 0.002067 seconds.
Begin MonoManager ReloadAssembly
Native extension for WindowsStandalone target not found
Refreshing native plugins compatible for Editor in 0.31 ms, found 0 plugins.
Preloading 0 native plugins for Editor in 0.00 ms.
Invoked RoslynAnalysisRunner static constructor.
RoslynAnalysisRunner will not be running.
RoslynAnalysisRunner has terminated.
Mono: successfully reloaded assembly
- Completed reload, in  0.813 seconds
Platform modules already initialized, skipping
Refreshing native plugins compatible for Editor in 0.23 ms, found 0 plugins.
Preloading 0 native plugins for Editor in 0.00 ms.
Unloading 1130 Unused Serialized files (Serialized files now loaded: 0)
System memory in use before: 75.7 MB.
System memory in use after: 75.8 MB.

Unloading 7 unused Assets to reduce memory usage. Loaded Objects now: 1633.
Total: 1.862100 ms (FindLiveObjects: 0.172100 ms CreateObjectMapping: 0.034300 ms MarkObjects: 1.638300 ms  DeleteObjects: 0.016200 ms)

========================================================================
Received Prepare
Registering precompiled user dll's ...
Registered in 0.002413 seconds.
Begin MonoManager ReloadAssembly
Native extension for WindowsStandalone target not found
Refreshing native plugins compatible for Editor in 0.26 ms, found 0 plugins.
Preloading 0 native plugins for Editor in 0.00 ms.
Invoked RoslynAnalysisRunner static constructor.
RoslynAnalysisRunner will not be running.
RoslynAnalysisRunner has terminated.
Mono: successfully reloaded assembly
- Completed reload, in  0.787 seconds
Platform modules already initialized, skipping
Refreshing native plugins compatible for Editor in 0.27 ms, found 0 plugins.
Preloading 0 native plugins for Editor in 0.00 ms.
Unloading 1130 Unused Serialized files (Serialized files now loaded: 0)
System memory in use before: 75.9 MB.
System memory in use after: 76.0 MB.

Unloading 7 unused Assets to reduce memory usage. Loaded Objects now: 1635.
Total: 2.664200 ms (FindLiveObjects: 0.220900 ms CreateObjectMapping: 0.068300 ms MarkObjects: 2.357500 ms  DeleteObjects: 0.016100 ms)

========================================================================
Received Prepare
Registering precompiled user dll's ...
Registered in 0.002204 seconds.
Begin MonoManager ReloadAssembly
Native extension for WindowsStandalone target not found
Refreshing native plugins compatible for Editor in 0.32 ms, found 0 plugins.
Preloading 0 native plugins for Editor in 0.00 ms.
Invoked RoslynAnalysisRunner static constructor.
RoslynAnalysisRunner will not be running.
RoslynAnalysisRunner has terminated.
Mono: successfully reloaded assembly
- Completed reload, in  0.805 seconds
Platform modules already initialized, skipping
Refreshing native plugins compatible for Editor in 0.28 ms, found 0 plugins.
Preloading 0 native plugins for Editor in 0.00 ms.
Unloading 1130 Unused Serialized files (Serialized files now loaded: 0)
System memory in use before: 75.9 MB.
System memory in use after: 76.0 MB.

Unloading 7 unused Assets to reduce memory usage. Loaded Objects now: 1637.
Total: 3.491400 ms (FindLiveObjects: 0.341500 ms CreateObjectMapping: 0.111700 ms MarkObjects: 3.020700 ms  DeleteObjects: 0.015600 ms)

========================================================================
Received Import Request.
  Time since last request: 1776.810674 seconds.
  path: Assets/Resources/Prefabs/Cars/Blue Car.prefab
  artifactKey: Guid(fce8786d07c3d1f47b3ec1f21bf7c1dc) Importer(815301076,1909f56bfc062723c751e8b465ee728b)
Start importing Assets/Resources/Prefabs/Cars/Blue Car.prefab using Guid(fce8786d07c3d1f47b3ec1f21bf7c1dc) Importer(815301076,1909f56bfc062723c751e8b465ee728b)  -> (artifact id: 'ab681227031a287fb54d34cd1fa392c7') in 0.072935 seconds
  Import took 0.076015 seconds .

========================================================================
Received Import Request.
  Time since last request: 0.000275 seconds.
  path: Assets/Resources/Prefabs/Cars/Red Mini.prefab
  artifactKey: Guid(cc44ee86fdbb50a44a21f3720461a32f) Importer(815301076,1909f56bfc062723c751e8b465ee728b)
Start importing Assets/Resources/Prefabs/Cars/Red Mini.prefab using Guid(cc44ee86fdbb50a44a21f3720461a32f) Importer(815301076,1909f56bfc062723c751e8b465ee728b)  -> (artifact id: '2ee5b36e77bbdc0879160f6d6f3d23d5') in 0.012718 seconds
  Import took 0.015150 seconds .

========================================================================
Received Import Request.
  Time since last request: 0.000317 seconds.
  path: Assets/Resources/Prefabs/Cars/Red Truck.prefab
  artifactKey: Guid(3c6cd9501d4adcd42a402630ba8851a5) Importer(815301076,1909f56bfc062723c751e8b465ee728b)
Start importing Assets/Resources/Prefabs/Cars/Red Truck.prefab using Guid(3c6cd9501d4adcd42a402630ba8851a5) Importer(815301076,1909f56bfc062723c751e8b465ee728b)  -> (artifact id: '0682dc99cb47966ebaf68fb10c8d17ee') in 0.017439 seconds
  Import took 0.020422 seconds .

========================================================================
Received Import Request.
  Time since last request: 0.000351 seconds.
  path: Assets/Resources/Prefabs/Cars/Red Car.prefab
  artifactKey: Guid(78a536c1aaeb1b9409172f8468d12686) Importer(815301076,1909f56bfc062723c751e8b465ee728b)
Start importing Assets/Resources/Prefabs/Cars/Red Car.prefab using Guid(78a536c1aaeb1b9409172f8468d12686) Importer(815301076,1909f56bfc062723c751e8b465ee728b)  -> (artifact id: 'afdc0d212cba32cf4c854a0573bfb8bd') in 0.013667 seconds
  Import took 0.017314 seconds .

========================================================================
Received Import Request.
  Time since last request: 0.000318 seconds.
  path: Assets/Resources/Prefabs/Cars/Yellow Van.prefab
  artifactKey: Guid(8cc462679336194408350e49743e54a5) Importer(815301076,1909f56bfc062723c751e8b465ee728b)
Start importing Assets/Resources/Prefabs/Cars/Yellow Van.prefab using Guid(8cc462679336194408350e49743e54a5) Importer(815301076,1909f56bfc062723c751e8b465ee728b)  -> (artifact id: 'f0020991dcbde65a6611b7eb34b05c6b') in 0.017004 seconds
  Import took 0.021333 seconds .

========================================================================
Received Import Request.
  Time since last request: 0.000311 seconds.
  path: Assets/Resources/Prefabs/Cars/Brown Van.prefab
  artifactKey: Guid(f19154a355b9bdf4fb185fe77077a8e4) Importer(815301076,1909f56bfc062723c751e8b465ee728b)
Start importing Assets/Resources/Prefabs/Cars/Brown Van.prefab using Guid(f19154a355b9bdf4fb185fe77077a8e4) Importer(815301076,1909f56bfc062723c751e8b465ee728b)  -> (artifact id: 'ce46f7f955866caa26cad5c03afbdda9') in 0.013343 seconds
  Import took 0.016879 seconds .

========================================================================
Received Import Request.
  Time since last request: 0.000242 seconds.
  path: Assets/Resources/Prefabs/Cars/Grey Car.prefab
  artifactKey: Guid(2560a66cada1be3488ab26bf8c3daeea) Importer(815301076,1909f56bfc062723c751e8b465ee728b)
Start importing Assets/Resources/Prefabs/Cars/Grey Car.prefab using Guid(2560a66cada1be3488ab26bf8c3daeea) Importer(815301076,1909f56bfc062723c751e8b465ee728b)  -> (artifact id: '28351b3c5861dad9f04a8631a6966733') in 0.019670 seconds
  Import took 0.021964 seconds .

========================================================================
Received Import Request.
  Time since last request: 0.000278 seconds.
  path: Assets/Resources/Prefabs/Cars/Green Truck.prefab
  artifactKey: Guid(8bc9ab27e143e944aa6237048f053457) Importer(815301076,1909f56bfc062723c751e8b465ee728b)
Start importing Assets/Resources/Prefabs/Cars/Green Truck.prefab using Guid(8bc9ab27e143e944aa6237048f053457) Importer(815301076,1909f56bfc062723c751e8b465ee728b)  -> (artifact id: 'f9a9d700fd192daa24ab4622a03f8146') in 0.015127 seconds
  Import took 0.017738 seconds .

========================================================================
Received Import Request.
  Time since last request: 0.000334 seconds.
  path: Assets/Resources/Prefabs/Cars/Blue Mini.prefab
  artifactKey: Guid(38e457ba7dc841545a3b5f633af0e3d4) Importer(815301076,1909f56bfc062723c751e8b465ee728b)
Start importing Assets/Resources/Prefabs/Cars/Blue Mini.prefab using Guid(38e457ba7dc841545a3b5f633af0e3d4) Importer(815301076,1909f56bfc062723c751e8b465ee728b)  -> (artifact id: '748600f4b6d53baa2e5f17afe9007ae8') in 0.019715 seconds
  Import took 0.023512 seconds .

========================================================================
Received Import Request.
  Time since last request: 0.000273 seconds.
  path: Assets/Resources/Prefabs/Cars/Yellow Mini.prefab
  artifactKey: Guid(49b5fd551a798cb469c0ed18e6f65f4f) Importer(815301076,1909f56bfc062723c751e8b465ee728b)
Start importing Assets/Resources/Prefabs/Cars/Yellow Mini.prefab using Guid(49b5fd551a798cb469c0ed18e6f65f4f) Importer(815301076,1909f56bfc062723c751e8b465ee728b)  -> (artifact id: '48d67f569b4dc85dc31787fb302db6e7') in 0.012531 seconds
  Import took 0.015395 seconds .

========================================================================
Received Import Request.
  Time since last request: 0.000277 seconds.
  path: Assets/Resources/Prefabs/Cars/White Van.prefab
  artifactKey: Guid(bd5f71795ea3a154b9c7ad1c2beadea2) Importer(815301076,1909f56bfc062723c751e8b465ee728b)
Start importing Assets/Resources/Prefabs/Cars/White Van.prefab using Guid(bd5f71795ea3a154b9c7ad1c2beadea2) Importer(815301076,1909f56bfc062723c751e8b465ee728b)  -> (artifact id: '78ae9f0894a9d299105d0eae2bdf4903') in 0.015626 seconds
  Import took 0.019423 seconds .

========================================================================
Received Import Request.
  Time since last request: 0.000304 seconds.
  path: Assets/Resources/Prefabs/Cars/Green Car.prefab
  artifactKey: Guid(a06d436f7594489409c0e3a836d2793d) Importer(815301076,1909f56bfc062723c751e8b465ee728b)
Start importing Assets/Resources/Prefabs/Cars/Green Car.prefab using Guid(a06d436f7594489409c0e3a836d2793d) Importer(815301076,1909f56bfc062723c751e8b465ee728b)  -> (artifact id: '96bc7e70d3e470935bb63ede4f25a52d') in 0.012835 seconds
  Import took 0.016076 seconds .

========================================================================
Received Prepare
Registering precompiled user dll's ...
Registered in 0.003203 seconds.
Begin MonoManager ReloadAssembly
Native extension for WindowsStandalone target not found
Refreshing native plugins compatible for Editor in 0.26 ms, found 0 plugins.
Preloading 0 native plugins for Editor in 0.00 ms.
Invoked RoslynAnalysisRunner static constructor.
RoslynAnalysisRunner will not be running.
RoslynAnalysisRunner has terminated.
Mono: successfully reloaded assembly
- Completed reload, in  0.817 seconds
Platform modules already initialized, skipping
Refreshing native plugins compatible for Editor in 0.26 ms, found 0 plugins.
Preloading 0 native plugins for Editor in 0.00 ms.
Unloading 1130 Unused Serialized files (Serialized files now loaded: 0)
System memory in use before: 76.0 MB.
System memory in use after: 76.1 MB.

Unloading 7 unused Assets to reduce memory usage. Loaded Objects now: 1640.
Total: 2.108000 ms (FindLiveObjects: 0.157800 ms CreateObjectMapping: 0.036800 ms MarkObjects: 1.896800 ms  DeleteObjects: 0.015100 ms)

========================================================================
Received Prepare
Registering precompiled user dll's ...
Registered in 0.002196 seconds.
Begin MonoManager ReloadAssembly
Native extension for WindowsStandalone target not found
Refreshing native plugins compatible for Editor in 0.24 ms, found 0 plugins.
Preloading 0 native plugins for Editor in 0.00 ms.
Invoked RoslynAnalysisRunner static constructor.
RoslynAnalysisRunner will not be running.
RoslynAnalysisRunner has terminated.
Mono: successfully reloaded assembly
- Completed reload, in  0.924 seconds
Platform modules already initialized, skipping
Refreshing native plugins compatible for Editor in 0.24 ms, found 0 plugins.
Preloading 0 native plugins for Editor in 0.00 ms.
Unloading 1130 Unused Serialized files (Serialized files now loaded: 0)
System memory in use before: 75.7 MB.
System memory in use after: 75.8 MB.

Unloading 7 unused Assets to reduce memory usage. Loaded Objects now: 1642.
Total: 1.743600 ms (FindLiveObjects: 0.137100 ms CreateObjectMapping: 0.036400 ms MarkObjects: 1.551100 ms  DeleteObjects: 0.017600 ms)

========================================================================
Received Prepare
Registering precompiled user dll's ...
Registered in 0.002115 seconds.
Begin MonoManager ReloadAssembly
Native extension for WindowsStandalone target not found
Refreshing native plugins compatible for Editor in 0.27 ms, found 0 plugins.
Preloading 0 native plugins for Editor in 0.00 ms.
Invoked RoslynAnalysisRunner static constructor.
RoslynAnalysisRunner will not be running.
RoslynAnalysisRunner has terminated.
Mono: successfully reloaded assembly
- Completed reload, in  0.914 seconds
Platform modules already initialized, skipping
Refreshing native plugins compatible for Editor in 0.27 ms, found 0 plugins.
Preloading 0 native plugins for Editor in 0.00 ms.
Unloading 1130 Unused Serialized files (Serialized files now loaded: 0)
System memory in use before: 76.0 MB.
System memory in use after: 76.1 MB.

Unloading 7 unused Assets to reduce memory usage. Loaded Objects now: 1644.
Total: 2.429100 ms (FindLiveObjects: 0.163000 ms CreateObjectMapping: 0.037300 ms MarkObjects: 2.212500 ms  DeleteObjects: 0.015000 ms)

========================================================================
Received Prepare
Refreshing native plugins compatible for Editor in 1.34 ms, found 0 plugins.
Preloading 0 native plugins for Editor in 0.00 ms.
Unloading 5 Unused Serialized files (Serialized files now loaded: 0)
System memory in use before: 53.7 MB.
System memory in use after: 53.8 MB.

Unloading 5 unused Assets to reduce memory usage. Loaded Objects now: 1644.
Total: 2.633300 ms (FindLiveObjects: 0.189600 ms CreateObjectMapping: 0.052600 ms MarkObjects: 2.375800 ms  DeleteObjects: 0.013700 ms)

========================================================================
Received Prepare
Registering precompiled user dll's ...
Registered in 0.002181 seconds.
Begin MonoManager ReloadAssembly
Native extension for WindowsStandalone target not found
Refreshing native plugins compatible for Editor in 0.26 ms, found 0 plugins.
Preloading 0 native plugins for Editor in 0.00 ms.
Invoked RoslynAnalysisRunner static constructor.
RoslynAnalysisRunner will not be running.
RoslynAnalysisRunner has terminated.
Mono: successfully reloaded assembly
- Completed reload, in  0.842 seconds
Platform modules already initialized, skipping
Refreshing native plugins compatible for Editor in 0.24 ms, found 0 plugins.
Preloading 0 native plugins for Editor in 0.00 ms.
Unloading 1130 Unused Serialized files (Serialized files now loaded: 0)
System memory in use before: 75.9 MB.
System memory in use after: 76.0 MB.

Unloading 7 unused Assets to reduce memory usage. Loaded Objects now: 1646.
Total: 2.773000 ms (FindLiveObjects: 0.457000 ms CreateObjectMapping: 0.110600 ms MarkObjects: 2.188000 ms  DeleteObjects: 0.014700 ms)

